<?xml version="1.0" encoding="UTF-8"?>
<testsuites name="Foody" time="46" tests="2" failures="0" errors="0">
   <testsuite name="Foody" tests="2" failures="0" errors="0" time="46" timestamp="2018-12-23 10:32:29" hostname="lenovo - 192.168.8.107" id="Test Suites/Foody">
      <properties>
         <property name="deviceName" value=""/>
         <property name="devicePlatform" value=""/>
         <property name="logFolder" value="C:\\Users\\lenovo\\Katalon Studio\\WebDemo\\Reports\\Foody\\20181223_103221"/>
         <property name="logFiles" value="C:\\Users\\lenovo\\Katalon Studio\\WebDemo\\Reports\\Foody\\20181223_103221\\execution0.log"/>
         <property name="attachments" value=""/>
         <property name="hostName" value="lenovo - 192.168.8.107"/>
         <property name="os" value="Windows 10 64bit"/>
         <property name="katalonVersion" value="5.10.0.1"/>
         <property name="browser" value="Firefox 64.0"/>
         <property name="hostAddress" value="192.168.8.107"/>
         <property name="sessionId" value="63278a80-403b-4065-942b-4a03c3be347d"/>
         <property name="seleniumVersion" value="3.7.1"/>
         <property name="proxyInformation" value="ProxyInformation{proxyOption=NO_PROXY, proxyServerType=HTTP, password=, proxyServerAddress=, proxyServerPort=0}"/>
         <property name="platform" value="Windows 10"/>
      </properties>
      <testcase name="Test Cases/Login-Foody" classname="Test Cases/Login-Foody" status="PASSED">
         <system-out><![CDATA[2018-12-23 10:32:30 - [TEST_CASE][PASSED] - Test Cases/Login-Foody: Test Cases/Login-Foody

2018-12-23 10:32:31 - [TEST_STEP][PASSED] - openBrowser(""): Browser is opened with url: ''

2018-12-23 10:32:31 - [MESSAGE][INFO] - Starting 'Firefox' driver

2018-12-23 10:32:31 - [MESSAGE][INFO] - Action delay is set to 0 seconds

2018-12-23 10:32:37 - [MESSAGE][PASSED] - Browser is opened with url: ''

2018-12-23 10:32:37 - [TEST_STEP][PASSED] - navigateToUrl("https://www.foody.vn/ha-noi"): Navigate to 'https://www.foody.vn/ha-noi' successfully

2018-12-23 10:32:45 - [MESSAGE][PASSED] - Navigate to 'https://www.foody.vn/ha-noi' successfully

2018-12-23 10:32:45 - [TEST_STEP][PASSED] - click(findTestObject("Object Repository/Login/Page_a im n ung m thc n g  u ti H N/span_ng nhp")): Object: 'Object Repository/Login/Page_a im n ung m thc n g  u ti H N/span_ng nhp' is clicked on

2018-12-23 10:32:45 - [MESSAGE][PASSED] - Object: 'Object Repository/Login/Page_a im n ung m thc n g  u ti H N/span_ng nhp' is clicked on

2018-12-23 10:32:45 - [TEST_STEP][PASSED] - setText(findTestObject("Object Repository/Login/Page_Login/input_hoc bng email_Email"), "beso04"): Text 'beso04' is set on object 'Object Repository/Login/Page_Login/input_hoc bng email_Email'

2018-12-23 10:32:47 - [MESSAGE][PASSED] - Text 'beso04' is set on object 'Object Repository/Login/Page_Login/input_hoc bng email_Email'

2018-12-23 10:32:47 - [TEST_STEP][PASSED] - setEncryptedText(findTestObject("Object Repository/Login/Page_Login/input_hoc bng email_Password"), "4nvbrPglk7k="): Text ****** has been set on object 'Object Repository/Login/Page_Login/input_hoc bng email_Password'

2018-12-23 10:32:47 - [MESSAGE][PASSED] - Text ****** has been set on object 'Object Repository/Login/Page_Login/input_hoc bng email_Password'

2018-12-23 10:32:47 - [TEST_STEP][PASSED] - click(findTestObject("Object Repository/Login/Page_Login/input_Qun mt khu_bt_submit")): Object: 'Object Repository/Login/Page_Login/input_Qun mt khu_bt_submit' is clicked on

2018-12-23 10:32:47 - [MESSAGE][PASSED] - Object: 'Object Repository/Login/Page_Login/input_Qun mt khu_bt_submit' is clicked on]]></system-out>
         <system-err><![CDATA[]]></system-err>
      </testcase>
      <testcase name="Test Cases/Select Restaurant" classname="Test Cases/Select Restaurant" status="PASSED">
         <system-out><![CDATA[2018-12-23 10:32:48 - [TEST_CASE][PASSED] - Test Cases/Select Restaurant: Test Cases/Select Restaurant

2018-12-23 10:32:48 - [TEST_STEP][PASSED] - openBrowser(""): Browser is opened with url: ''

2018-12-23 10:32:48 - [MESSAGE][WARNING] - A browser is already opened. Closing browser and opening a new one

2018-12-23 10:32:49 - [MESSAGE][INFO] - Starting 'Firefox' driver

2018-12-23 10:32:53 - [MESSAGE][PASSED] - Browser is opened with url: ''

2018-12-23 10:32:53 - [TEST_STEP][PASSED] - navigateToUrl("https://www.foody.vn/ha-noi"): Navigate to 'https://www.foody.vn/ha-noi' successfully

2018-12-23 10:33:01 - [MESSAGE][PASSED] - Navigate to 'https://www.foody.vn/ha-noi' successfully

2018-12-23 10:33:01 - [TEST_STEP][PASSED] - click(findTestObject("Object Repository/Select Restaurant/Page_a im n ung m thc n g  u ti H N/span_Tr Sa Heytea - Ng T S")): Object: 'Object Repository/Select Restaurant/Page_a im n ung m thc n g  u ti H N/span_Tr Sa Heytea - Ng T S' is clicked on

2018-12-23 10:33:01 - [MESSAGE][PASSED] - Object: 'Object Repository/Select Restaurant/Page_a im n ung m thc n g  u ti H N/span_Tr Sa Heytea - Ng T S' is clicked on

2018-12-23 10:33:01 - [TEST_STEP][PASSED] - switchToWindowTitle("Trà Sữa Heytea - Ngã Tư Sở ở Quận Đống Đa, Hà Nội | Đặt Giao Hàng | Foody.vn"): Switched to window with title: 'Trà Sữa Heytea - Ngã Tư Sở ở Quận Đống Đa, Hà Nội | Đặt Giao Hàng | Foody.vn'

2018-12-23 10:33:02 - [MESSAGE][PASSED] - Switched to window with title: 'Trà Sữa Heytea - Ngã Tư Sở ở Quận Đống Đa, Hà Nội | Đặt Giao Hàng | Foody.vn'

2018-12-23 10:33:02 - [TEST_STEP][PASSED] - click(findTestObject("Object Repository/Select Restaurant/Page_Tr Sa Heytea - Ng T S  Qun ng/span_")): Object: 'Object Repository/Select Restaurant/Page_Tr Sa Heytea - Ng T S  Qun ng/span_' is clicked on

2018-12-23 10:33:06 - [MESSAGE][PASSED] - Object: 'Object Repository/Select Restaurant/Page_Tr Sa Heytea - Ng T S  Qun ng/span_' is clicked on

2018-12-23 10:33:06 - [TEST_STEP][PASSED] - click(findTestObject("Object Repository/Select Restaurant/Page_Tr Sa Heytea - Ng T S  Qun ng/a_ng nhp")): Object: 'Object Repository/Select Restaurant/Page_Tr Sa Heytea - Ng T S  Qun ng/a_ng nhp' is clicked on

2018-12-23 10:33:07 - [MESSAGE][PASSED] - Object: 'Object Repository/Select Restaurant/Page_Tr Sa Heytea - Ng T S  Qun ng/a_ng nhp' is clicked on

2018-12-23 10:33:07 - [TEST_STEP][PASSED] - setText(findTestObject("Object Repository/Select Restaurant/Page_Login/input_hoc bng email_Email"), "sherry9999"): Text 'sherry9999' is set on object 'Object Repository/Select Restaurant/Page_Login/input_hoc bng email_Email'

2018-12-23 10:33:07 - [MESSAGE][PASSED] - Text 'sherry9999' is set on object 'Object Repository/Select Restaurant/Page_Login/input_hoc bng email_Email'

2018-12-23 10:33:07 - [TEST_STEP][PASSED] - setEncryptedText(findTestObject("Object Repository/Select Restaurant/Page_Login/input_hoc bng email_Password"), "aeHFOx8jV/A="): Text ****** has been set on object 'Object Repository/Select Restaurant/Page_Login/input_hoc bng email_Password'

2018-12-23 10:33:07 - [MESSAGE][PASSED] - Text ****** has been set on object 'Object Repository/Select Restaurant/Page_Login/input_hoc bng email_Password'

2018-12-23 10:33:07 - [TEST_STEP][PASSED] - click(findTestObject("Object Repository/Select Restaurant/Page_Login/input_Qun mt khu_bt_submit")): Object: 'Object Repository/Select Restaurant/Page_Login/input_Qun mt khu_bt_submit' is clicked on

2018-12-23 10:33:08 - [MESSAGE][PASSED] - Object: 'Object Repository/Select Restaurant/Page_Login/input_Qun mt khu_bt_submit' is clicked on

2018-12-23 10:33:08 - [TEST_STEP][PASSED] - click(findTestObject("Object Repository/Select Restaurant/Page_Tr Sa Heytea - Ng T S  Qun ng/span_")): Object: 'Object Repository/Select Restaurant/Page_Tr Sa Heytea - Ng T S  Qun ng/span_' is clicked on

2018-12-23 10:33:13 - [MESSAGE][PASSED] - Object: 'Object Repository/Select Restaurant/Page_Tr Sa Heytea - Ng T S  Qun ng/span_' is clicked on

2018-12-23 10:33:13 - [TEST_STEP][PASSED] - click(findTestObject("Object Repository/Select Restaurant/Page_Tr Sa Heytea - Ng T S  Qun ng/span_")): Object: 'Object Repository/Select Restaurant/Page_Tr Sa Heytea - Ng T S  Qun ng/span_' is clicked on

2018-12-23 10:33:14 - [MESSAGE][PASSED] - Object: 'Object Repository/Select Restaurant/Page_Tr Sa Heytea - Ng T S  Qun ng/span_' is clicked on

2018-12-23 10:33:14 - [TEST_STEP][PASSED] - closeBrowser(): Browser is closed

2018-12-23 10:33:15 - [MESSAGE][PASSED] - Browser is closed]]></system-out>
         <system-err><![CDATA[]]></system-err>
      </testcase>
      <system-out><![CDATA[2018-12-23 10:32:29 - [TEST_SUITE][PASSED] - Foody: Test Cases/Select Restaurant]]></system-out>
      <system-err><![CDATA[]]></system-err>
   </testsuite>
</testsuites>
